<?xml version="1.0" encoding="UTF-8"?>
<testsuite xmlns:xsi="http://www.w3.org/2001/XMLSchema-instance" xsi:noNamespaceSchemaLocation="https://maven.apache.org/surefire/maven-surefire-plugin/xsd/surefire-test-report.xsd" name="test.java.ComplexVectorTest" time="0.002" tests="4" errors="0" skipped="0" failures="0">
  <properties>
[...]
</properties>
  <testcase name="itShouldGetTheSizeOfAVector" classname="test.java.ComplexVectorTest" time="0"/>
  <testcase name="itShouldGetTheConjugatedOfAVector" classname="test.java.ComplexVectorTest" time="0"/>
  <testcase name="getTranspose" classname="test.java.ComplexVectorTest" time="0"/>
  <testcase name="itShouldGetTheInverseOfAVector" classname="test.java.ComplexVectorTest" time="0"/>
</testsuite>